--------------- Build Started: 02/11/2014 14:09:13 Project: proto01, Configuration: DP8051 Keil 9.51 Debug ---------------
cydsfit.exe "-.appdatapath" "C:\Users\Javi\AppData\Local\Cypress Semiconductor\PSoC Creator\3.0" "-.fdsnotice" "-.fdswarpdepfile=warp_dependencies.txt" "-.fdselabdepfile=elab_dependencies.txt" "-.fdsbldfile=generated_files.txt" "-p" "C:\Users\Javi\Desktop\Juliano\CMD_ID0001_SW_1\proto01\proto01.cydsn\proto01.cyprj" "-d" "CY8C3866LTI-030" "-s" "C:\Users\Javi\Desktop\Juliano\CMD_ID0001_SW_1\proto01\proto01.cydsn\Generated_Source\PSoC3" "--" "-yv2" "-v3" "-ygs" "-q10" "-o2" "-.fftcfgtype=BE"
Elaborating Design...
ADD: pft.M0035: information: Voltage Reference Information: Vref 'Vdda/2' is connected to terminal 'analog_0' of 'VREF' but no direct hardware connection exists.
 * C:\Users\Javi\Desktop\Juliano\CMD_ID0001_SW_1\proto01\proto01.cydsn\TopDesign\TopDesign.cysch (Instance: vRef_1)
 * C:\Users\Javi\Desktop\Juliano\CMD_ID0001_SW_1\proto01\proto01.cydsn\TopDesign\TopDesign.cysch (Instance: VREF)
HDL Generation ...
Synthesis ...
Place and Route ...
Tech mapping ...
Info: mpr.M0037: Unused pieces of the design have been optimized out. See the Tech mapping section of the report file for details. (App=cydsfit)
Analog Placement ...
Info: apr.M0002: Analog signal "\ADC_DelSig_1:Net_690\" is connected to one terminal only. (App=cydsfit)
Log: apr.M0058: The analog placement iterative improvement is 40% done. (App=cydsfit)
Log: apr.M0058: The analog placement iterative improvement is 66% done. (App=cydsfit)
Log: apr.M0058: The analog placement iterative improvement is 92% done. (App=cydsfit)
Analog Routing ...
Analog Code Generation ...
Digital Placement ...
Info: plm.M0038: The pin named VREF(0) at location P0[3] prevents usage of special purposes: DSM:ExtVref. (App=cydsfit)
Info: plm.M0039: The pin named GND(0) at location P0[7] prevents usage of the high current (2mA) feature of an IDAC. (App=cydsfit)
Digital Routing ...
Bitstream Generation ...
Static timing analysis ...
API Generation ...
Dependency Generation ...
Clean Temporary Files ...
c51.exe .\main.c NOIV LARGE MODDP2 OMF2 VB(1) PR(.\DP8051\DP8051_Keil_951\Debug\main.lst) CD DB NOIP "OT(2, Size)" "DF (DEBUG)" "INCDIR(., .\Generated_Source\PSoC3)" OJ(.\DP8051\DP8051_Keil_951\Debug\main.obj)
c51.exe .\Generated_Source\PSoC3\cyfitter_cfg.c NOIV LARGE MODDP2 OMF2 VB(1) PR(.\DP8051\DP8051_Keil_951\Debug\cyfitter_cfg.lst) CD DB NOIP "OT(2, Size)" "DF (DEBUG)" "INCDIR(., .\Generated_Source\PSoC3)" OJ(.\DP8051\DP8051_Keil_951\Debug\cyfitter_cfg.obj)
c51.exe .\Generated_Source\PSoC3\VREF.c NOIV LARGE MODDP2 OMF2 VB(1) PR(.\DP8051\DP8051_Keil_951\Debug\VREF.lst) CD DB NOIP "OT(2, Size)" "DF (DEBUG)" "INCDIR(., .\Generated_Source\PSoC3)" OJ(.\DP8051\DP8051_Keil_951\Debug\VREF.obj)
c51.exe .\Generated_Source\PSoC3\SENSOROUTPUT.c NOIV LARGE MODDP2 OMF2 VB(1) PR(.\DP8051\DP8051_Keil_951\Debug\SENSOROUTPUT.lst) CD DB NOIP "OT(2, Size)" "DF (DEBUG)" "INCDIR(., .\Generated_Source\PSoC3)" OJ(.\DP8051\DP8051_Keil_951\Debug\SENSOROUTPUT.obj)
c51.exe .\Generated_Source\PSoC3\PGA_1.c NOIV LARGE MODDP2 OMF2 VB(1) PR(.\DP8051\DP8051_Keil_951\Debug\PGA_1.lst) CD DB NOIP "OT(2, Size)" "DF (DEBUG)" "INCDIR(., .\Generated_Source\PSoC3)" OJ(.\DP8051\DP8051_Keil_951\Debug\PGA_1.obj)
c51.exe .\Generated_Source\PSoC3\PGA_1_PM.c NOIV LARGE MODDP2 OMF2 VB(1) PR(.\DP8051\DP8051_Keil_951\Debug\PGA_1_PM.lst) CD DB NOIP "OT(2, Size)" "DF (DEBUG)" "INCDIR(., .\Generated_Source\PSoC3)" OJ(.\DP8051\DP8051_Keil_951\Debug\PGA_1_PM.obj)
c51.exe .\Generated_Source\PSoC3\ADC_DelSig_1.c NOIV LARGE MODDP2 OMF2 VB(1) PR(.\DP8051\DP8051_Keil_951\Debug\ADC_DelSig_1.lst) CD DB NOIP "OT(2, Size)" "DF (DEBUG)" "INCDIR(., .\Generated_Source\PSoC3)" OJ(.\DP8051\DP8051_Keil_951\Debug\ADC_DelSig_1.obj)
c51.exe .\Generated_Source\PSoC3\ADC_DelSig_1_PM.c NOIV LARGE MODDP2 OMF2 VB(1) PR(.\DP8051\DP8051_Keil_951\Debug\ADC_DelSig_1_PM.lst) CD DB NOIP "OT(2, Size)" "DF (DEBUG)" "INCDIR(., .\Generated_Source\PSoC3)" OJ(.\DP8051\DP8051_Keil_951\Debug\ADC_DelSig_1_PM.obj)
c51.exe .\Generated_Source\PSoC3\ADC_DelSig_1_INT.c NOIV LARGE MODDP2 OMF2 VB(1) PR(.\DP8051\DP8051_Keil_951\Debug\ADC_DelSig_1_INT.lst) CD DB NOIP "OT(2, Size)" "DF (DEBUG)" "INCDIR(., .\Generated_Source\PSoC3)" OJ(.\DP8051\DP8051_Keil_951\Debug\ADC_DelSig_1_INT.obj)
c51.exe .\Generated_Source\PSoC3\Filter_1.c NOIV LARGE MODDP2 OMF2 VB(1) PR(.\DP8051\DP8051_Keil_951\Debug\Filter_1.lst) CD DB NOIP "OT(2, Size)" "DF (DEBUG)" "INCDIR(., .\Generated_Source\PSoC3)" OJ(.\DP8051\DP8051_Keil_951\Debug\Filter_1.obj)
c51.exe .\Generated_Source\PSoC3\Filter_1_PM.c NOIV LARGE MODDP2 OMF2 VB(1) PR(.\DP8051\DP8051_Keil_951\Debug\Filter_1_PM.lst) CD DB NOIP "OT(2, Size)" "DF (DEBUG)" "INCDIR(., .\Generated_Source\PSoC3)" OJ(.\DP8051\DP8051_Keil_951\Debug\Filter_1_PM.obj)
c51.exe .\Generated_Source\PSoC3\Filter_1_PVT.c NOIV LARGE MODDP2 OMF2 VB(1) PR(.\DP8051\DP8051_Keil_951\Debug\Filter_1_PVT.lst) CD DB NOIP "OT(2, Size)" "DF (DEBUG)" "INCDIR(., .\Generated_Source\PSoC3)" OJ(.\DP8051\DP8051_Keil_951\Debug\Filter_1_PVT.obj)
c51.exe .\Generated_Source\PSoC3\Filter_1_RAM_Data.c NOIV LARGE MODDP2 OMF2 VB(1) PR(.\DP8051\DP8051_Keil_951\Debug\Filter_1_RAM_Data.lst) CD DB NOIP "OT(2, Size)" "DF (DEBUG)" "INCDIR(., .\Generated_Source\PSoC3)" OJ(.\DP8051\DP8051_Keil_951\Debug\Filter_1_RAM_Data.obj)
c51.exe .\Generated_Source\PSoC3\Filter_1_Coefficients.c NOIV LARGE MODDP2 OMF2 VB(1) PR(.\DP8051\DP8051_Keil_951\Debug\Filter_1_Coefficients.lst) CD DB NOIP "OT(2, Size)" "DF (DEBUG)" "INCDIR(., .\Generated_Source\PSoC3)" OJ(.\DP8051\DP8051_Keil_951\Debug\Filter_1_Coefficients.obj)
c51.exe .\Generated_Source\PSoC3\VDAC8_1.c NOIV LARGE MODDP2 OMF2 VB(1) PR(.\DP8051\DP8051_Keil_951\Debug\VDAC8_1.lst) CD DB NOIP "OT(2, Size)" "DF (DEBUG)" "INCDIR(., .\Generated_Source\PSoC3)" OJ(.\DP8051\DP8051_Keil_951\Debug\VDAC8_1.obj)
c51.exe .\Generated_Source\PSoC3\VDAC8_1_PM.c NOIV LARGE MODDP2 OMF2 VB(1) PR(.\DP8051\DP8051_Keil_951\Debug\VDAC8_1_PM.lst) CD DB NOIP "OT(2, Size)" "DF (DEBUG)" "INCDIR(., .\Generated_Source\PSoC3)" OJ(.\DP8051\DP8051_Keil_951\Debug\VDAC8_1_PM.obj)
c51.exe .\Generated_Source\PSoC3\LED1.c NOIV LARGE MODDP2 OMF2 VB(1) PR(.\DP8051\DP8051_Keil_951\Debug\LED1.lst) CD DB NOIP "OT(2, Size)" "DF (DEBUG)" "INCDIR(., .\Generated_Source\PSoC3)" OJ(.\DP8051\DP8051_Keil_951\Debug\LED1.obj)
c51.exe .\Generated_Source\PSoC3\GND.c NOIV LARGE MODDP2 OMF2 VB(1) PR(.\DP8051\DP8051_Keil_951\Debug\GND.lst) CD DB NOIP "OT(2, Size)" "DF (DEBUG)" "INCDIR(., .\Generated_Source\PSoC3)" OJ(.\DP8051\DP8051_Keil_951\Debug\GND.obj)
c51.exe .\Generated_Source\PSoC3\VDAC8_2.c NOIV LARGE MODDP2 OMF2 VB(1) PR(.\DP8051\DP8051_Keil_951\Debug\VDAC8_2.lst) CD DB NOIP "OT(2, Size)" "DF (DEBUG)" "INCDIR(., .\Generated_Source\PSoC3)" OJ(.\DP8051\DP8051_Keil_951\Debug\VDAC8_2.obj)
c51.exe .\Generated_Source\PSoC3\VDAC8_2_PM.c NOIV LARGE MODDP2 OMF2 VB(1) PR(.\DP8051\DP8051_Keil_951\Debug\VDAC8_2_PM.lst) CD DB NOIP "OT(2, Size)" "DF (DEBUG)" "INCDIR(., .\Generated_Source\PSoC3)" OJ(.\DP8051\DP8051_Keil_951\Debug\VDAC8_2_PM.obj)
c51.exe .\Generated_Source\PSoC3\LED2.c NOIV LARGE MODDP2 OMF2 VB(1) PR(.\DP8051\DP8051_Keil_951\Debug\LED2.lst) CD DB NOIP "OT(2, Size)" "DF (DEBUG)" "INCDIR(., .\Generated_Source\PSoC3)" OJ(.\DP8051\DP8051_Keil_951\Debug\LED2.obj)
c51.exe .\Generated_Source\PSoC3\isr_1.c NOIV LARGE MODDP2 OMF2 VB(1) PR(.\DP8051\DP8051_Keil_951\Debug\isr_1.lst) CD DB NOIP "OT(2, Size)" "DF (DEBUG)" "INCDIR(., .\Generated_Source\PSoC3)" OJ(.\DP8051\DP8051_Keil_951\Debug\isr_1.obj)
c51.exe .\Generated_Source\PSoC3\ADC_DelSig_1_Ext_CP_Clk.c NOIV LARGE MODDP2 OMF2 VB(1) PR(.\DP8051\DP8051_Keil_951\Debug\ADC_DelSig_1_Ext_CP_Clk.lst) CD DB NOIP "OT(2, Size)" "DF (DEBUG)" "INCDIR(., .\Generated_Source\PSoC3)" OJ(.\DP8051\DP8051_Keil_951\Debug\ADC_DelSig_1_Ext_CP_Clk.obj)
c51.exe .\Generated_Source\PSoC3\ADC_DelSig_1_IRQ.c NOIV LARGE MODDP2 OMF2 VB(1) PR(.\DP8051\DP8051_Keil_951\Debug\ADC_DelSig_1_IRQ.lst) CD DB NOIP "OT(2, Size)" "DF (DEBUG)" "INCDIR(., .\Generated_Source\PSoC3)" OJ(.\DP8051\DP8051_Keil_951\Debug\ADC_DelSig_1_IRQ.obj)
c51.exe .\Generated_Source\PSoC3\ADC_DelSig_1_theACLK.c NOIV LARGE MODDP2 OMF2 VB(1) PR(.\DP8051\DP8051_Keil_951\Debug\ADC_DelSig_1_theACLK.lst) CD DB NOIP "OT(2, Size)" "DF (DEBUG)" "INCDIR(., .\Generated_Source\PSoC3)" OJ(.\DP8051\DP8051_Keil_951\Debug\ADC_DelSig_1_theACLK.obj)
Ax51.exe .\Generated_Source\PSoC3\CyBootAsmKeil.a51 NOCO MACRO DB DF(DEBUG) PR(.\DP8051\DP8051_Keil_951\Debug/CyBootAsmKeil.lst) CASE EP "INCDIR(., .\Generated_Source\PSoC3)" OJ(.\DP8051\DP8051_Keil_951\Debug\CyBootAsmKeil.obj)
c51.exe .\Generated_Source\PSoC3\CyDmac.c NOIV LARGE MODDP2 OMF2 VB(1) PR(.\DP8051\DP8051_Keil_951\Debug\CyDmac.lst) CD DB NOIP "OT(2, Size)" "DF (DEBUG)" "INCDIR(., .\Generated_Source\PSoC3)" OJ(.\DP8051\DP8051_Keil_951\Debug\CyDmac.obj)
c51.exe .\Generated_Source\PSoC3\CyFlash.c NOIV LARGE MODDP2 OMF2 VB(1) PR(.\DP8051\DP8051_Keil_951\Debug\CyFlash.lst) CD DB NOIP "OT(2, Size)" "DF (DEBUG)" "INCDIR(., .\Generated_Source\PSoC3)" OJ(.\DP8051\DP8051_Keil_951\Debug\CyFlash.obj)
c51.exe .\Generated_Source\PSoC3\CyLib.c NOIV LARGE MODDP2 OMF2 VB(1) PR(.\DP8051\DP8051_Keil_951\Debug\CyLib.lst) CD DB NOIP "OT(2, Size)" "DF (DEBUG)" "INCDIR(., .\Generated_Source\PSoC3)" OJ(.\DP8051\DP8051_Keil_951\Debug\CyLib.obj)
c51.exe .\Generated_Source\PSoC3\cyPm.c NOIV LARGE MODDP2 OMF2 VB(1) PR(.\DP8051\DP8051_Keil_951\Debug\cyPm.lst) CD DB NOIP "OT(2, Size)" "DF (DEBUG)" "INCDIR(., .\Generated_Source\PSoC3)" OJ(.\DP8051\DP8051_Keil_951\Debug\cyPm.obj)
c51.exe .\Generated_Source\PSoC3\CySpc.c NOIV LARGE MODDP2 OMF2 VB(1) PR(.\DP8051\DP8051_Keil_951\Debug\CySpc.lst) CD DB NOIP "OT(2, Size)" "DF (DEBUG)" "INCDIR(., .\Generated_Source\PSoC3)" OJ(.\DP8051\DP8051_Keil_951\Debug\CySpc.obj)
c51.exe .\Generated_Source\PSoC3\cyutils.c NOIV LARGE MODDP2 OMF2 VB(1) PR(.\DP8051\DP8051_Keil_951\Debug\cyutils.lst) CD DB NOIP "OT(2, Size)" "DF (DEBUG)" "INCDIR(., .\Generated_Source\PSoC3)" OJ(.\DP8051\DP8051_Keil_951\Debug\cyutils.obj)
Ax51.exe .\Generated_Source\PSoC3\KeilStart.a51 NOCO MACRO DB DF(DEBUG) PR(.\DP8051\DP8051_Keil_951\Debug/KeilStart.lst) CASE EP "INCDIR(., .\Generated_Source\PSoC3)" OJ(.\DP8051\DP8051_Keil_951\Debug\KeilStart.obj)
c51.exe .\Generated_Source\PSoC3\ADC_DelSig_1_AMux.c NOIV LARGE MODDP2 OMF2 VB(1) PR(.\DP8051\DP8051_Keil_951\Debug\ADC_DelSig_1_AMux.lst) CD DB NOIP "OT(2, Size)" "DF (DEBUG)" "INCDIR(., .\Generated_Source\PSoC3)" OJ(.\DP8051\DP8051_Keil_951\Debug\ADC_DelSig_1_AMux.obj)
LIBX51.exe TRANSFER '.\DP8051\DP8051_Keil_951\Debug\cyfitter_cfg.obj', '.\DP8051\DP8051_Keil_951\Debug\VREF.obj', '.\DP8051\DP8051_Keil_951\Debug\SENSOROUTPUT.obj', '.\DP8051\DP8051_Keil_951\Debug\PGA_1.obj', '.\DP8051\DP8051_Keil_951\Debug\PGA_1_PM.obj', '.\DP8051\DP8051_Keil_951\Debug\ADC_DelSig_1.obj', '.\DP8051\DP8051_Keil_951\Debug\ADC_DelSig_1_PM.obj', '.\DP8051\DP8051_Keil_951\Debug\ADC_DelSig_1_INT.obj', '.\DP8051\DP8051_Keil_951\Debug\Filter_1.obj', '.\DP8051\DP8051_Keil_951\Debug\Filter_1_PM.obj', '.\DP8051\DP8051_Keil_951\Debug\Filter_1_PVT.obj', '.\DP8051\DP8051_Keil_951\Debug\Filter_1_RAM_Data.obj', '.\DP8051\DP8051_Keil_951\Debug\Filter_1_Coefficients.obj', '.\DP8051\DP8051_Keil_951\Debug\VDAC8_1.obj', '.\DP8051\DP8051_Keil_951\Debug\VDAC8_1_PM.obj', '.\DP8051\DP8051_Keil_951\Debug\LED1.obj', '.\DP8051\DP8051_Keil_951\Debug\GND.obj', '.\DP8051\DP8051_Keil_951\Debug\VDAC8_2.obj', '.\DP8051\DP8051_Keil_951\Debug\VDAC8_2_PM.obj', '.\DP8051\DP8051_Keil_951\Debug\LED2.obj', '.\DP8051\DP8051_Keil_951\Debug\isr_1.obj', '.\DP8051\DP8051_Keil_951\Debug\ADC_DelSig_1_Ext_CP_Clk.obj', '.\DP8051\DP8051_Keil_951\Debug\ADC_DelSig_1_IRQ.obj', '.\DP8051\DP8051_Keil_951\Debug\ADC_DelSig_1_theACLK.obj', '.\DP8051\DP8051_Keil_951\Debug\CyBootAsmKeil.obj', '.\DP8051\DP8051_Keil_951\Debug\CyDmac.obj', '.\DP8051\DP8051_Keil_951\Debug\CyFlash.obj', '.\DP8051\DP8051_Keil_951\Debug\CyLib.obj', '.\DP8051\DP8051_Keil_951\Debug\cymem.obj', '.\DP8051\DP8051_Keil_951\Debug\cyPm.obj', '.\DP8051\DP8051_Keil_951\Debug\CySpc.obj', '.\DP8051\DP8051_Keil_951\Debug\cyutils.obj', '.\DP8051\DP8051_Keil_951\Debug\KeilStart.obj', '.\DP8051\DP8051_Keil_951\Debug\ADC_DelSig_1_AMux.obj' TO '.\DP8051\DP8051_Keil_951\Debug\proto01.lib'
LX51.exe '.\DP8051\DP8051_Keil_951\Debug\main.obj', '.\DP8051\DP8051_Keil_951\Debug\proto01.lib', 'C:\Program Files\Cypress\PSoC Creator\3.0\PSoC Creator\psoc\content\cycomponentlibrary\CyComponentLibrary.cylib\DP8051\DP8051_Keil_951\Debug\CyComponentLibrary.lib'  TO '.\DP8051\DP8051_Keil_951\Debug\proto01.omf' PR(.\DP8051\DP8051_Keil_951\Debug\proto01.map) IX CODE DW(16) RU CL(XDATA(X:0x0000-X:0x1FFF)) CL(CODE(C:0x0000-C:0xFFFF)) CL(CONST(C:0x0000-C:0xFFFF))
*** WARNING L15: MULTIPLE CALL TO FUNCTION
    NAME:    _VDAC8_1_SETVALUE/VDAC8_1
    CALLER1: ADC_DAC_TRANSFER/MAIN
    CALLER2: ?C_C51STARTUP
Program Size: data=14.0 xdata=129 const=63 code=6989
OHx51.exe proto01.omf HEXFILE(proto01.ihx)
c8051-elf-omf2elf.exe proto01.omf proto01.elf
cyhextool -o .\DP8051\DP8051_Keil_951\Debug\proto01.hex -f .\DP8051\DP8051_Keil_951\Debug\proto01.ihx -prot .\Generated_Source\PSoC3\protect.hex -id 1E01E069 -a EEPROM=90200000:800,PROGRAM=00000000:10000,CONFIG=80000000:2000,PROTECT=90400000:40 -meta 0301 -cunv 00004005 -wonv BC90ACAF -ecc .\Generated_Source\PSoC3\config.hex
Flash used: 7052 of 65536 bytes (10,8 %).
SRAM used: 129 of 8192 bytes (1,6 %).
--------------- Build Succeeded: 02/11/2014 14:12:13 ---------------
